# JRE version: Java(TM) SE Runtime Environment (8.0_171-b11) (build 1.8.0_171-b11)
# Java VM: Java HotSpot(TM) 64-Bit Server VM (25.171-b11 mixed mode linux-amd64 compressed oops)
Heap:
 PSYoungGen      total 1029120K, used 10336K [0x0000000670f00000, 0x00000006b6700000, 0x00000007c0000000)
  eden space 992256K, 0% used [0x0000000670f00000,0x0000000670f00000,0x00000006ad800000)
  from space 36864K, 28% used [0x00000006ad800000,0x00000006ae218010,0x00000006afc00000)
  to   space 34816K, 0% used [0x00000006afc00000,0x00000006afc00000,0x00000006b1e00000)
 ParOldGen       total 478208K, used 52299K [0x00000003d2c00000, 0x00000003eff00000, 0x0000000670f00000)
  object space 478208K, 10% used [0x00000003d2c00000,0x00000003d5f12cf8,0x00000003eff00000)
 Metaspace       used 32151K, capacity 32994K, committed 33280K, reserved 1079296K
  class space    used 3754K, capacity 4042K, committed 4096K, reserved 1048576K
GC Heap History (10 events):
Event: 13.381 GC heap after
Heap after GC invocations=5 (full 1):
 PSYoungGen      total 388608K, used 26795K [0x0000000670f00000, 0x000000068cc00000, 0x00000007c0000000)
  eden space 346112K, 0% used [0x0000000670f00000,0x0000000670f00000,0x0000000686100000)
  from space 42496K, 63% used [0x0000000688a80000,0x000000068a4aaf90,0x000000068b400000)
  to   space 42496K, 0% used [0x0000000686100000,0x0000000686100000,0x0000000688a80000)
 ParOldGen       total 478208K, used 24899K [0x00000003d2c00000, 0x00000003eff00000, 0x0000000670f00000)
  object space 478208K, 5% used [0x00000003d2c00000,0x00000003d4450fa8,0x00000003eff00000)
 Metaspace       used 31784K, capacity 32566K, committed 32768K, reserved 1077248K
  class space    used 3734K, capacity 4008K, committed 4096K, reserved 1048576K
}
Event: 14.148 GC heap before
{Heap before GC invocations=6 (full 1):
 PSYoungGen      total 388608K, used 372907K [0x0000000670f00000, 0x000000068cc00000, 0x00000007c0000000)
  eden space 346112K, 100% used [0x0000000670f00000,0x0000000686100000,0x0000000686100000)
  from space 42496K, 63% used [0x0000000688a80000,0x000000068a4aaf90,0x000000068b400000)
  to   space 42496K, 0% used [0x0000000686100000,0x0000000686100000,0x0000000688a80000)
 ParOldGen       total 478208K, used 24899K [0x00000003d2c00000, 0x00000003eff00000, 0x0000000670f00000)
  object space 478208K, 5% used [0x00000003d2c00000,0x00000003d4450fa8,0x00000003eff00000)
 Metaspace       used 31979K, capacity 32802K, committed 33024K, reserved 1079296K
  class space    used 3746K, capacity 4042K, committed 4096K, reserved 1048576K
Event: 14.203 GC heap after
Heap after GC invocations=6 (full 1):
 PSYoungGen      total 388608K, used 27936K [0x0000000670f00000, 0x0000000696800000, 0x00000007c0000000)
  eden space 346112K, 0% used [0x0000000670f00000,0x0000000670f00000,0x0000000686100000)
  from space 42496K, 65% used [0x0000000686100000,0x0000000687c48228,0x0000000688a80000)
  to   space 30208K, 0% used [0x0000000694a80000,0x0000000694a80000,0x0000000696800000)
 ParOldGen       total 478208K, used 24907K [0x00000003d2c00000, 0x00000003eff00000, 0x0000000670f00000)
  object space 478208K, 5% used [0x00000003d2c00000,0x00000003d4452fa8,0x00000003eff00000)
 Metaspace       used 31979K, capacity 32802K, committed 33024K, reserved 1079296K
  class space    used 3746K, capacity 4042K, committed 4096K, reserved 1048576K
}
Event: 15.197 GC heap before
{Heap before GC invocations=7 (full 1):
 PSYoungGen      total 388608K, used 374048K [0x0000000670f00000, 0x0000000696800000, 0x00000007c0000000)
  eden space 346112K, 100% used [0x0000000670f00000,0x0000000686100000,0x0000000686100000)
  from space 42496K, 65% used [0x0000000686100000,0x0000000687c48228,0x0000000688a80000)
  to   space 30208K, 0% used [0x0000000694a80000,0x0000000694a80000,0x0000000696800000)
 ParOldGen       total 478208K, used 24907K [0x00000003d2c00000, 0x00000003eff00000, 0x0000000670f00000)
  object space 478208K, 5% used [0x00000003d2c00000,0x00000003d4452fa8,0x00000003eff00000)
 Metaspace       used 32124K, capacity 32930K, committed 33024K, reserved 1079296K
  class space    used 3754K, capacity 4042K, committed 4096K, reserved 1048576K
Event: 15.221 GC heap after
Heap after GC invocations=7 (full 1):
 PSYoungGen      total 581120K, used 28803K [0x0000000670f00000, 0x0000000696700000, 0x00000007c0000000)
  eden space 551936K, 0% used [0x0000000670f00000,0x0000000670f00000,0x0000000692a00000)
  from space 29184K, 98% used [0x0000000694a80000,0x00000006966a0cd8,0x0000000696700000)
  to   space 30720K, 0% used [0x0000000692b00000,0x0000000692b00000,0x0000000694900000)
 ParOldGen       total 478208K, used 24915K [0x00000003d2c00000, 0x00000003eff00000, 0x0000000670f00000)
  object space 478208K, 5% used [0x00000003d2c00000,0x00000003d4454fa8,0x00000003eff00000)
 Metaspace       used 32124K, capacity 32930K, committed 33024K, reserved 1079296K
  class space    used 3754K, capacity 4042K, committed 4096K, reserved 1048576K
}
Event: 55.562 GC heap before
{Heap before GC invocations=8 (full 1):
 PSYoungGen      total 581120K, used 580739K [0x0000000670f00000, 0x0000000696700000, 0x00000007c0000000)
  eden space 551936K, 100% used [0x0000000670f00000,0x0000000692a00000,0x0000000692a00000)
  from space 29184K, 98% used [0x0000000694a80000,0x00000006966a0cd8,0x0000000696700000)
  to   space 30720K, 0% used [0x0000000692b00000,0x0000000692b00000,0x0000000694900000)
 ParOldGen       total 478208K, used 24915K [0x00000003d2c00000, 0x00000003eff00000, 0x0000000670f00000)
  object space 478208K, 5% used [0x00000003d2c00000,0x00000003d4454fa8,0x00000003eff00000)
 Metaspace       used 32142K, capacity 32994K, committed 33280K, reserved 1079296K
  class space    used 3754K, capacity 4042K, committed 4096K, reserved 1048576K
Event: 66.089 GC heap after
Heap after GC invocations=8 (full 1):
 PSYoungGen      total 583680K, used 7296K [0x0000000670f00000, 0x00000006b1e00000, 0x00000007c0000000)
  eden space 552960K, 0% used [0x0000000670f00000,0x0000000670f00000,0x0000000692b00000)
  from space 30720K, 23% used [0x0000000692b00000,0x0000000693220010,0x0000000694900000)
  to   space 34816K, 0% used [0x00000006afc00000,0x00000006afc00000,0x00000006b1e00000)
 ParOldGen       total 478208K, used 47703K [0x00000003d2c00000, 0x00000003eff00000, 0x0000000670f00000)
  object space 478208K, 9% used [0x00000003d2c00000,0x00000003d5a95ce8,0x00000003eff00000)
 Metaspace       used 32142K, capacity 32994K, committed 33280K, reserved 1079296K
  class space    used 3754K, capacity 4042K, committed 4096K, reserved 1048576K
}
Event: 67.606 GC heap before
{Heap before GC invocations=9 (full 1):
 PSYoungGen      total 583680K, used 560256K [0x0000000670f00000, 0x00000006b1e00000, 0x00000007c0000000)
  eden space 552960K, 100% used [0x0000000670f00000,0x0000000692b00000,0x0000000692b00000)
  from space 30720K, 23% used [0x0000000692b00000,0x0000000693220010,0x0000000694900000)
  to   space 34816K, 0% used [0x00000006afc00000,0x00000006afc00000,0x00000006b1e00000)
 ParOldGen       total 478208K, used 47703K [0x00000003d2c00000, 0x00000003eff00000, 0x0000000670f00000)
  object space 478208K, 9% used [0x00000003d2c00000,0x00000003d5a95ce8,0x00000003eff00000)
 Metaspace       used 32145K, capacity 32994K, committed 33280K, reserved 1079296K
  class space    used 3754K, capacity 4042K, committed 4096K, reserved 1048576K
Event: 70.386 GC heap after
Heap after GC invocations=9 (full 1):
 PSYoungGen      total 1027072K, used 7392K [0x0000000670f00000, 0x00000006b6700000, 0x00000007c0000000)
  eden space 992256K, 0% used [0x0000000670f00000,0x0000000670f00000,0x00000006ad800000)
  from space 34816K, 21% used [0x00000006afc00000,0x00000006b0338010,0x00000006b1e00000)
  to   space 36864K, 0% used [0x00000006ad800000,0x00000006ad800000,0x00000006afc00000)
 ParOldGen       total 478208K, used 50243K [0x00000003d2c00000, 0x00000003eff00000, 0x0000000670f00000)
  object space 478208K, 10% used [0x00000003d2c00000,0x00000003d5d10cf8,0x00000003eff00000)
 Metaspace       used 32145K, capacity 32994K, committed 33280K, reserved 1079296K
  class space    used 3754K, capacity 4042K, committed 4096K, reserved 1048576K
}
Event: 129.697 GC heap before
{Heap before GC invocations=10 (full 1):
 PSYoungGen      total 1027072K, used 999648K [0x0000000670f00000, 0x00000006b6700000, 0x00000007c0000000)
  eden space 992256K, 100% used [0x0000000670f00000,0x00000006ad800000,0x00000006ad800000)
  from space 34816K, 21% used [0x00000006afc00000,0x00000006b0338010,0x00000006b1e00000)
  to   space 36864K, 0% used [0x00000006ad800000,0x00000006ad800000,0x00000006afc00000)
 ParOldGen       total 478208K, used 50243K [0x00000003d2c00000, 0x00000003eff00000, 0x0000000670f00000)
  object space 478208K, 10% used [0x00000003d2c00000,0x00000003d5d10cf8,0x00000003eff00000)
 Metaspace       used 32151K, capacity 32994K, committed 33280K, reserved 1079296K
  class space    used 3754K, capacity 4042K, committed 4096K, reserved 1048576K

